H1'
100
get_dictionaries-('1KKA', 5256) pass
get_dictionaries-('1L1W', 5321) pass
get_dictionaries-('1LC6', 5371) pass
get_dictionaries-('1LDZ', 4226) pass
get_dictionaries-('1NC0', 5655) pass
get_dictionaries-('1OW9', 5852) pass
get_dictionaries-('1PJY', 5834) pass
get_dictionaries-('1R7W', 6076) pass
get_dictionaries-('1R7Z', 6077) pass
get_dictionaries-('1YSV', 6077) pass
get_dictionaries-('2FDT', 10018) pass
get_dictionaries-('2GM0', 7098) pass
get_dictionaries-('2JXQ', 15571) pass
get_dictionaries-('2JXS', 15572) pass
get_dictionaries-('2K3Z', 15780) pass
get_dictionaries-('2K41', 15781) pass
get_dictionaries-('2KOC', 5705) pass
get_dictionaries-('2LBL', 17565) pass
get_dictionaries-('2LBJ', 17565) pass
get_dictionaries-('2LDL', 17671) pass
get_dictionaries-('2LDT', 17682) pass
get_dictionaries-('2LHP', 17682) pass
get_dictionaries-('2LI4', 17877) pass
get_dictionaries-('2LK3', 17972) pass
get_dictionaries-('2LP9', 18239) pass
get_dictionaries-('2LPA', 18240) pass
get_dictionaries-('2LU0', 18503) pass
get_dictionaries-('2LUB', 18515) pass
get_dictionaries-('2LV0', 18549) pass
get_dictionaries-('2RN1', 11014) pass
get_dictionaries-('2Y95', 16714) pass
mean is 5.64 and std is 0.3
14 cs removed
cs len is: 34
diccionario len is: 34
