Traceback (most recent call last):
  File "CSML_agosto2023.py", line 753, in <module>
    atom_model(a, N)
  File "CSML_agosto2023.py", line 702, in atom_model
    reg = ExtraTreesRegressor(n_estimators=ntree, random_state=0, verbose=0).fit(X_train, y_train)
  File "/home/asala/.conda/envs/triplex/lib/python3.6/site-packages/sklearn/ensemble/_forest.py", line 305, in fit
    accept_sparse="csc", dtype=DTYPE)
  File "/home/asala/.conda/envs/triplex/lib/python3.6/site-packages/sklearn/base.py", line 433, in _validate_data
    X, y = check_X_y(X, y, **check_params)
  File "/home/asala/.conda/envs/triplex/lib/python3.6/site-packages/sklearn/utils/validation.py", line 63, in inner_f
    return f(*args, **kwargs)
  File "/home/asala/.conda/envs/triplex/lib/python3.6/site-packages/sklearn/utils/validation.py", line 878, in check_X_y
    estimator=estimator)
  File "/home/asala/.conda/envs/triplex/lib/python3.6/site-packages/sklearn/utils/validation.py", line 63, in inner_f
    return f(*args, **kwargs)
  File "/home/asala/.conda/envs/triplex/lib/python3.6/site-packages/sklearn/utils/validation.py", line 698, in check_array
    "if it contains a single sample.".format(array))
ValueError: Expected 2D array, got 1D array instead:
array=[].
Reshape your data either using array.reshape(-1, 1) if your data has a single feature or array.reshape(1, -1) if it contains a single sample.
