H1'
100
get_dictionaries-('1KKA', 5256) pass
get_dictionaries-('1L1W', 5321) pass
mean is 5.67 and std is 0.19
1 cs removed
cs len is: 2
diccionario len is: 2
[]
Now labels
[]
get_dictionaries-('1XHP', 6320) pass
get_dictionaries-('1Z2J', 6543) pass
get_dictionaries-('1ZC5', 6633) pass
get_dictionaries-('2JWV', 15538) pass
get_dictionaries-('2K65', 15858) pass
get_dictionaries-('2K66', 15859) pass
get_dictionaries-('2LI4', 17877) pass
get_dictionaries-('2LQZ', 18336) pass
get_dictionaries-('2LUN', 18532) pass
get_dictionaries-('2LX1', 18656) pass
get_dictionaries-('2M12', 18838) pass
get_dictionaries-('2M21', 18891) pass
get_dictionaries-('2M22', 18892) pass
get_dictionaries-('2M23', 18893) pass
get_dictionaries-('2M24', 18894) pass
get_dictionaries-('2M8K', 19260) pass
get_dictionaries-('2MEQ', 18975) pass
get_dictionaries-('2MHI', 19634) pass
get_dictionaries-('2MI0', 19662) pass
get_dictionaries-('2MIS', 19692) pass
get_dictionaries-('2QH2', 7403) pass
get_dictionaries-('2QH3', 7404) pass
get_dictionaries-('2QH4', 7405) pass
mean is 5.64 and std is 0.27
6 cs removed
cs len is: 23
diccionario len is: 23
